{
  "stats": {
    "suites": 1,
    "tests": 5,
    "passes": 1,
    "pending": 4,
    "failures": 0,
    "start": "2021-02-13T18:11:24.835Z",
    "end": "2021-02-13T18:11:36.180Z",
    "duration": 11345,
    "testsRegistered": 5,
    "passPercent": 100,
    "pendingPercent": 80,
    "other": 0,
    "hasOther": false,
    "skipped": 0,
    "hasSkipped": false
  },
  "results": [
    {
      "uuid": "b8a5a269-eed4-4a3d-b9aa-3f4f00fb9157",
      "title": "",
      "fullFile": "",
      "file": "",
      "beforeHooks": [],
      "afterHooks": [],
      "tests": [],
      "suites": [
        {
          "uuid": "c18dcde3-be15-4017-bee3-2af5d40903d5",
          "title": "demo",
          "fullFile": "C:\\Users\\Home\\Desktop\\testJsHomeWork\\specs\\demo_test.js",
          "file": "\\specs\\demo_test.js",
          "beforeHooks": [
            {
              "title": "\"before all\" hook: codeceptjs.beforeSuite",
              "fullTitle": "demo \"before all\" hook: codeceptjs.beforeSuite",
              "timedOut": false,
              "duration": 1282,
              "state": null,
              "speed": null,
              "pass": false,
              "fail": false,
              "pending": false,
              "context": null,
              "code": "scenario.suiteSetup(suite)",
              "err": {},
              "uuid": "8fb24c3e-b73b-4a7d-987f-6d3b7ee0a562",
              "parentUUID": "c18dcde3-be15-4017-bee3-2af5d40903d5",
              "isHook": true,
              "skipped": false
            },
            {
              "title": "\"before each\" hook: codeceptjs.before",
              "fullTitle": "demo \"before each\" hook: codeceptjs.before",
              "timedOut": false,
              "duration": 1,
              "state": null,
              "speed": null,
              "pass": false,
              "fail": false,
              "pending": false,
              "context": null,
              "code": "scenario.setup(suite)",
              "err": {},
              "uuid": "56b93c65-d905-4f3b-9392-7d0eb1a53d98",
              "parentUUID": "c18dcde3-be15-4017-bee3-2af5d40903d5",
              "isHook": true,
              "skipped": false
            }
          ],
          "afterHooks": [
            {
              "title": "\"after all\" hook: codeceptjs.afterSuite",
              "fullTitle": "demo \"after all\" hook: codeceptjs.afterSuite",
              "timedOut": false,
              "duration": 16,
              "state": null,
              "speed": null,
              "pass": false,
              "fail": false,
              "pending": false,
              "context": null,
              "code": "scenario.suiteTeardown(suite)",
              "err": {},
              "uuid": "865ff2dc-d65d-4cb7-91e1-fddaaff4ca17",
              "parentUUID": "c18dcde3-be15-4017-bee3-2af5d40903d5",
              "isHook": true,
              "skipped": false
            },
            {
              "title": "\"after each\" hook: finalize codeceptjs",
              "fullTitle": "demo \"after each\" hook: finalize codeceptjs",
              "timedOut": false,
              "duration": 11,
              "state": null,
              "speed": null,
              "pass": false,
              "fail": false,
              "pending": false,
              "context": null,
              "code": "scenario.teardown(suite)",
              "err": {},
              "uuid": "328f3721-e44a-44b8-8c27-c1ca844ee294",
              "parentUUID": "c18dcde3-be15-4017-bee3-2af5d40903d5",
              "isHook": true,
              "skipped": false
            }
          ],
          "tests": [
            {
              "title": "main",
              "fullTitle": "demo: main",
              "timedOut": false,
              "duration": 0,
              "state": null,
              "speed": null,
              "pass": false,
              "fail": false,
              "pending": true,
              "context": null,
              "code": "",
              "err": {},
              "uuid": "3e38fb3d-b5f4-43a3-b1c4-3b98d2aaa15e",
              "parentUUID": "c18dcde3-be15-4017-bee3-2af5d40903d5",
              "isHook": false,
              "skipped": false
            },
            {
              "title": "main page with register data",
              "fullTitle": "demo: main page with register data",
              "timedOut": false,
              "duration": 0,
              "state": null,
              "speed": null,
              "pass": false,
              "fail": false,
              "pending": true,
              "context": null,
              "code": "",
              "err": {},
              "uuid": "7acdcff5-da77-46b4-bb66-df19eaf161c6",
              "parentUUID": "c18dcde3-be15-4017-bee3-2af5d40903d5",
              "isHook": false,
              "skipped": false
            },
            {
              "title": "Profile new user by object.keys",
              "fullTitle": "demo: Profile new user by object.keys",
              "timedOut": false,
              "duration": 10018,
              "state": "passed",
              "speed": "slow",
              "pass": true,
              "fail": false,
              "pending": false,
              "context": null,
              "code": "I.say(\"Using forEach in the object\");\nlet password = faker.internet.password();\nconst userdata = {\n  username: faker.name.findName(), // Leticia Hauck\n  email: faker.internet.email(), // Ewell.Cremin20@hotmail.com\n  password: password, //qxEBWLY7QJPeqcI,\n  passwordRetry: password, //qxEBWLY7QJPeqcI,,\n};\nI.amOnPage(\"https://try.vikunja.io/\");\nmainPage.register();\nregistrationPage.registerTwo(userdata);\nI.see(`Hi ${userdata.username}`);",
              "err": {},
              "uuid": "1a194426-a046-4169-b2eb-27e705fddf99",
              "parentUUID": "c18dcde3-be15-4017-bee3-2af5d40903d5",
              "isHook": false,
              "skipped": false
            },
            {
              "title": "Profile new user by register steps",
              "fullTitle": "demo: Profile new user by register steps",
              "timedOut": false,
              "duration": 0,
              "state": null,
              "speed": null,
              "pass": false,
              "fail": false,
              "pending": true,
              "context": null,
              "code": "",
              "err": {},
              "uuid": "d6ae33ad-d6b5-4318-9c20-55b8f58d176b",
              "parentUUID": "c18dcde3-be15-4017-bee3-2af5d40903d5",
              "isHook": false,
              "skipped": false
            },
            {
              "title": "Login the register users",
              "fullTitle": "demo: Login the register users",
              "timedOut": false,
              "duration": 0,
              "state": null,
              "speed": null,
              "pass": false,
              "fail": false,
              "pending": true,
              "context": null,
              "code": "",
              "err": {},
              "uuid": "4a21d978-16c3-49e8-864a-89681192a4e2",
              "parentUUID": "c18dcde3-be15-4017-bee3-2af5d40903d5",
              "isHook": false,
              "skipped": false
            }
          ],
          "suites": [],
          "passes": [
            "1a194426-a046-4169-b2eb-27e705fddf99"
          ],
          "failures": [],
          "pending": [
            "3e38fb3d-b5f4-43a3-b1c4-3b98d2aaa15e",
            "7acdcff5-da77-46b4-bb66-df19eaf161c6",
            "d6ae33ad-d6b5-4318-9c20-55b8f58d176b",
            "4a21d978-16c3-49e8-864a-89681192a4e2"
          ],
          "skipped": [],
          "duration": 10018,
          "root": false,
          "rootEmpty": false,
          "_timeout": 0
        }
      ],
      "passes": [],
      "failures": [],
      "pending": [],
      "skipped": [],
      "duration": 0,
      "root": true,
      "rootEmpty": true,
      "_timeout": 0
    }
  ],
  "meta": {
    "mocha": {
      "version": "8.2.1"
    },
    "mochawesome": {
      "options": {
        "quiet": false,
        "reportFilename": "mochawesome",
        "saveHtml": true,
        "saveJson": true,
        "consoleReporter": "spec",
        "useInlineDiffs": false,
        "code": true
      },
      "version": "6.2.1"
    },
    "marge": {
      "options": {
        "reportDir": "htmlreports"
      },
      "version": "5.1.0"
    }
  }
}