{
  "stats": {
    "suites": 1,
    "tests": 1,
    "passes": 0,
    "pending": 0,
    "failures": 1,
    "start": "2021-02-15T17:05:21.214Z",
    "end": "2021-02-15T17:05:22.826Z",
    "duration": 1612,
    "testsRegistered": 1,
    "passPercent": 0,
    "pendingPercent": 0,
    "other": 0,
    "hasOther": false,
    "skipped": 0,
    "hasSkipped": false
  },
  "results": [
    {
      "uuid": "6a5250da-15f0-4143-9fdb-58a2e3f9d880",
      "title": "",
      "fullFile": "",
      "file": "",
      "beforeHooks": [],
      "afterHooks": [],
      "tests": [],
      "suites": [
        {
          "uuid": "10da1751-3e8f-487e-a665-583332ea0757",
          "title": "my first test",
          "fullFile": "C:\\Users\\Home\\Desktop\\testJsHomeWork\\helpers\\0helpers.test.js",
          "file": "\\helpers\\0helpers.test.js",
          "beforeHooks": [
            {
              "title": "\"before all\" hook: codeceptjs.beforeSuite",
              "fullTitle": "my first test \"before all\" hook: codeceptjs.beforeSuite",
              "timedOut": false,
              "duration": 1274,
              "state": null,
              "speed": null,
              "pass": false,
              "fail": false,
              "pending": false,
              "context": null,
              "code": "scenario.suiteSetup(suite)",
              "err": {},
              "uuid": "3151709e-50fe-445b-800b-da696067f8b9",
              "parentUUID": "10da1751-3e8f-487e-a665-583332ea0757",
              "isHook": true,
              "skipped": false
            },
            {
              "title": "\"before each\" hook: codeceptjs.before",
              "fullTitle": "my first test \"before each\" hook: codeceptjs.before",
              "timedOut": false,
              "duration": 2,
              "state": null,
              "speed": null,
              "pass": false,
              "fail": false,
              "pending": false,
              "context": null,
              "code": "scenario.setup(suite)",
              "err": {},
              "uuid": "f019131d-71d9-4e69-acc4-6a076774d6ff",
              "parentUUID": "10da1751-3e8f-487e-a665-583332ea0757",
              "isHook": true,
              "skipped": false
            }
          ],
          "afterHooks": [
            {
              "title": "\"after all\" hook: codeceptjs.afterSuite",
              "fullTitle": "my first test \"after all\" hook: codeceptjs.afterSuite",
              "timedOut": false,
              "duration": 8,
              "state": null,
              "speed": null,
              "pass": false,
              "fail": false,
              "pending": false,
              "context": null,
              "code": "scenario.suiteTeardown(suite)",
              "err": {},
              "uuid": "f3c27197-7c0e-47ec-8a87-56baa153d012",
              "parentUUID": "10da1751-3e8f-487e-a665-583332ea0757",
              "isHook": true,
              "skipped": false
            },
            {
              "title": "\"after each\" hook: finalize codeceptjs",
              "fullTitle": "my first test \"after each\" hook: finalize codeceptjs",
              "timedOut": false,
              "duration": 13,
              "state": null,
              "speed": null,
              "pass": false,
              "fail": false,
              "pending": false,
              "context": null,
              "code": "scenario.teardown(suite)",
              "err": {},
              "uuid": "96714bcd-0cb9-4e8a-962d-27b004bca672",
              "parentUUID": "10da1751-3e8f-487e-a665-583332ea0757",
              "isHook": true,
              "skipped": false
            }
          ],
          "tests": [
            {
              "title": "test something",
              "fullTitle": "my first test: test something",
              "timedOut": false,
              "duration": 306,
              "state": "failed",
              "speed": null,
              "pass": false,
              "fail": true,
              "pending": false,
              "context": null,
              "code": "I }) => {\n  I.amOnpage(\"https://github.com\");\n  I.see(\"Github\");",
              "err": {
                "message": "Error: Object of type { I } is not defined in container",
                "estack": "Object of type { I } is not defined in container",
                "diff": null
              },
              "uuid": "c7f3f591-aa9a-4a82-9428-3dd4aa1c0897",
              "parentUUID": "10da1751-3e8f-487e-a665-583332ea0757",
              "isHook": false,
              "skipped": false
            }
          ],
          "suites": [],
          "passes": [],
          "failures": [
            "c7f3f591-aa9a-4a82-9428-3dd4aa1c0897"
          ],
          "pending": [],
          "skipped": [],
          "duration": 306,
          "root": false,
          "rootEmpty": false,
          "_timeout": 0
        }
      ],
      "passes": [],
      "failures": [],
      "pending": [],
      "skipped": [],
      "duration": 0,
      "root": true,
      "rootEmpty": true,
      "_timeout": 0
    }
  ],
  "meta": {
    "mocha": {
      "version": "8.2.1"
    },
    "mochawesome": {
      "options": {
        "quiet": false,
        "reportFilename": "mochawesome",
        "saveHtml": true,
        "saveJson": true,
        "consoleReporter": "spec",
        "useInlineDiffs": false,
        "code": true
      },
      "version": "6.2.1"
    },
    "marge": {
      "options": {},
      "version": "5.1.0"
    }
  }
}